{
  "RSpec": {
    "coverage": {
      "D:/maze/maze_generator/lib/maze_generator.rb": {
        "lines": [
          null,
          null,
          null,
          1,
          null,
          1,
          1,
          null,
          1,
          8,
          7,
          null,
          6,
          6,
          6,
          null,
          null,
          1,
          1,
          null,
          null,
          1,
          4,
          3,
          null,
          2,
          null,
          null,
          1,
          null,
          1,
          46,
          6,
          6,
          null,
          null,
          1,
          49,
          49,
          49,
          49,
          196,
          196,
          196,
          null,
          43,
          43,
          43,
          null,
          null,
          null,
          1,
          196,
          162,
          null,
          null,
          null,
          1,
          2,
          2,
          2,
          null,
          2,
          14,
          14,
          null,
          13,
          52,
          52,
          52,
          null,
          12,
          12,
          null,
          null,
          1,
          null,
          null,
          1,
          7,
          7,
          null,
          null,
          null,
          null,
          1,
          52,
          null,
          null,
          null,
          null,
          null,
          null
        ]
      },
      "D:/maze/maze_generator/spec/maze_generator_spec.rb": {
        "lines": [
          null,
          null,
          1,
          null,
          1,
          1,
          1,
          2,
          null,
          null,
          1,
          2,
          null,
          null,
          1,
          1,
          1,
          1,
          1,
          1,
          1,
          null,
          null,
          null,
          1,
          2,
          null,
          1,
          1,
          1,
          1,
          1,
          1,
          null,
          null,
          null,
          1,
          5,
          null,
          1,
          2,
          null,
          null,
          1,
          2,
          null,
          null,
          1,
          1,
          1,
          1,
          1,
          1,
          null,
          null,
          1,
          1,
          1,
          1,
          1,
          null,
          null,
          null
        ]
      }
    },
    "timestamp": 1747571045
  }
}
